<?xml version="1.0" encoding="UTF-8"?>
<!-- Generated by org.testng.reporters.JUnitXMLReporter -->
<testsuite ignored="0" hostname="DESKTOP-KCMFPLI" failures="0" tests="3" name="Default test" time="14.788" errors="0" timestamp="2021-04-25T18:40:51 IST">
  <testcase classname="util.ExcelDataProvider" name="test1" time="3.687"/>
  <testcase classname="util.ExcelDataProvider" name="test1" time="2.879"/>
  <testcase classname="util.ExcelDataProvider" name="test1" time="2.693"/>
</testsuite> <!-- Default test -->
